{
  "RSpec": {
    "coverage": {
      "/Volumes/Bhandar/Ruby_On_Rails/ratebeer/app/helpers/application_helper.rb": [
        1,
        1,
        0,
        0,
        null,
        null,
        0,
        0,
        null,
        null,
        null,
        1,
        21,
        null,
        null
      ],
      "/Volumes/Bhandar/Ruby_On_Rails/ratebeer/app/helpers/beer_clubs_helper.rb": [
        1,
        null
      ],
      "/Volumes/Bhandar/Ruby_On_Rails/ratebeer/app/helpers/beers_helper.rb": [
        1,
        null
      ],
      "/Volumes/Bhandar/Ruby_On_Rails/ratebeer/app/helpers/breweries_helper.rb": [
        1,
        null
      ],
      "/Volumes/Bhandar/Ruby_On_Rails/ratebeer/app/helpers/memberships_helper.rb": [
        1,
        null
      ],
      "/Volumes/Bhandar/Ruby_On_Rails/ratebeer/app/helpers/places_helper.rb": [
        1,
        null
      ],
      "/Volumes/Bhandar/Ruby_On_Rails/ratebeer/app/helpers/sessions_helper.rb": [
        1,
        null
      ],
      "/Volumes/Bhandar/Ruby_On_Rails/ratebeer/app/helpers/styles_helper.rb": [
        1,
        null
      ],
      "/Volumes/Bhandar/Ruby_On_Rails/ratebeer/app/helpers/users_helper.rb": [
        1,
        null
      ],
      "/Volumes/Bhandar/Ruby_On_Rails/ratebeer/app/models/beer_club.rb": [
        1,
        1,
        1,
        null
      ],
      "/Volumes/Bhandar/Ruby_On_Rails/ratebeer/app/models/application_record.rb": [
        1,
        1,
        null
      ],
      "/Volumes/Bhandar/Ruby_On_Rails/ratebeer/app/controllers/beer_clubs_controller.rb": [
        1,
        1,
        1,
        1,
        null,
        null,
        null,
        null,
        1,
        0,
        null,
        null,
        null,
        null,
        1,
        0,
        0,
        null,
        0,
        null,
        null,
        null,
        null,
        1,
        0,
        null,
        null,
        null,
        1,
        null,
        null,
        null,
        null,
        1,
        0,
        null,
        0,
        0,
        0,
        0,
        null,
        0,
        0,
        null,
        null,
        null,
        null,
        null,
        null,
        1,
        0,
        0,
        0,
        0,
        null,
        0,
        0,
        null,
        null,
        null,
        null,
        null,
        null,
        1,
        0,
        0,
        0,
        0,
        null,
        null,
        null,
        1,
        null,
        1,
        0,
        null,
        null,
        null,
        1,
        0,
        null,
        null
      ],
      "/Volumes/Bhandar/Ruby_On_Rails/ratebeer/app/controllers/application_controller.rb": [
        1,
        null,
        null,
        1,
        null,
        1,
        196,
        171,
        null,
        null,
        1,
        0,
        0,
        null,
        null,
        null,
        1,
        4,
        null,
        null
      ],
      "/Volumes/Bhandar/Ruby_On_Rails/ratebeer/app/models/beer.rb": [
        1,
        1,
        null,
        1,
        1,
        1,
        1,
        1,
        null,
        1,
        3,
        null,
        null,
        1,
        3,
        1,
        null,
        null
      ],
      "/Volumes/Bhandar/Ruby_On_Rails/ratebeer/lib/rating_average.rb": [
        1,
        null,
        1,
        74,
        60,
        60,
        81,
        null,
        60,
        null,
        null,
        null
      ],
      "/Volumes/Bhandar/Ruby_On_Rails/ratebeer/app/models/brewery.rb": [
        1,
        1,
        null,
        4,
        4,
        1,
        1,
        1,
        1,
        35,
        null,
        null,
        1,
        2,
        1,
        null,
        null,
        null
      ],
      "/Volumes/Bhandar/Ruby_On_Rails/ratebeer/app/models/user.rb": [
        1,
        1,
        null,
        1,
        1,
        null,
        null,
        null,
        null,
        1,
        1,
        1,
        1,
        1,
        1,
        null,
        1,
        0,
        null,
        null,
        1,
        5,
        null,
        null,
        3,
        null,
        null,
        1,
        24,
        36,
        12,
        null,
        12,
        null,
        null,
        1,
        24,
        36,
        12,
        null,
        12,
        null,
        null,
        1,
        3,
        1,
        null,
        null
      ],
      "/Volumes/Bhandar/Ruby_On_Rails/ratebeer/app/models/style.rb": [
        1,
        1,
        null,
        1,
        1,
        1,
        1,
        1,
        1,
        2,
        2,
        2,
        null,
        2,
        5,
        2,
        null,
        1,
        null,
        null
      ],
      "/Volumes/Bhandar/Ruby_On_Rails/ratebeer/app/controllers/sessions_controller.rb": [
        1,
        1,
        null,
        null,
        1,
        10,
        10,
        0,
        10,
        9,
        9,
        null,
        1,
        null,
        null,
        null,
        1,
        0,
        0,
        null,
        null
      ],
      "/Volumes/Bhandar/Ruby_On_Rails/ratebeer/app/controllers/users_controller.rb": [
        1,
        1,
        null,
        null,
        null,
        1,
        0,
        null,
        null,
        null,
        null,
        1,
        16,
        null,
        null,
        null,
        1,
        1,
        null,
        null,
        null,
        1,
        null,
        null,
        1,
        0,
        0,
        null,
        0,
        0,
        null,
        null,
        null,
        null,
        1,
        1,
        null,
        1,
        1,
        2,
        1,
        null,
        0,
        0,
        null,
        null,
        null,
        null,
        null,
        null,
        1,
        0,
        0,
        0,
        0,
        null,
        0,
        0,
        null,
        null,
        null,
        null,
        null,
        null,
        1,
        0,
        0,
        0,
        0,
        null,
        0,
        null,
        null,
        1,
        null,
        1,
        16,
        null,
        null,
        null,
        1,
        1,
        null,
        null
      ],
      "/Volumes/Bhandar/Ruby_On_Rails/ratebeer/app/models/rating.rb": [
        1,
        1,
        1,
        null,
        2,
        1,
        null,
        null,
        null,
        1,
        10,
        null,
        null
      ],
      "/Volumes/Bhandar/Ruby_On_Rails/ratebeer/app/models/membership.rb": [
        1,
        1,
        1,
        null,
        1,
        null
      ],
      "/Volumes/Bhandar/Ruby_On_Rails/ratebeer/app/controllers/beers_controller.rb": [
        1,
        1,
        1,
        1,
        1,
        null,
        null,
        null,
        1,
        1,
        null,
        null,
        null,
        null,
        1,
        0,
        0,
        null,
        null,
        null,
        1,
        2,
        null,
        null,
        null,
        1,
        null,
        null,
        null,
        null,
        1,
        2,
        null,
        2,
        2,
        2,
        1,
        null,
        2,
        1,
        null,
        null,
        null,
        null,
        null,
        null,
        1,
        0,
        0,
        0,
        0,
        null,
        0,
        0,
        null,
        null,
        null,
        null,
        null,
        null,
        1,
        0,
        0,
        0,
        0,
        null,
        null,
        null,
        1,
        null,
        1,
        0,
        null,
        null,
        null,
        1,
        2,
        null,
        null,
        1,
        4,
        4,
        null,
        null
      ],
      "/Volumes/Bhandar/Ruby_On_Rails/ratebeer/app/controllers/breweries_controller.rb": [
        1,
        1,
        1,
        1,
        null,
        null,
        null,
        1,
        3,
        3,
        null,
        null,
        1,
        0,
        0,
        null,
        0,
        0,
        null,
        null,
        null,
        null,
        1,
        null,
        null,
        null,
        1,
        0,
        null,
        null,
        null,
        1,
        null,
        null,
        null,
        null,
        1,
        0,
        null,
        0,
        0,
        0,
        0,
        null,
        0,
        0,
        null,
        null,
        null,
        null,
        null,
        null,
        1,
        0,
        0,
        0,
        0,
        null,
        0,
        0,
        null,
        null,
        null,
        null,
        null,
        null,
        1,
        0,
        0,
        0,
        0,
        null,
        null,
        null,
        1,
        null,
        1,
        1,
        null,
        null,
        null,
        1,
        0,
        null,
        null,
        null
      ],
      "/Volumes/Bhandar/Ruby_On_Rails/ratebeer/lib/beermapping_api.rb": [
        1,
        1,
        5,
        9,
        null,
        null,
        1,
        0,
        0,
        null,
        null,
        1,
        4,
        null,
        4,
        4,
        null,
        4,
        null,
        3,
        3,
        7,
        null,
        null,
        null,
        1,
        null,
        null,
        4,
        null,
        null,
        null
      ],
      "/Volumes/Bhandar/Ruby_On_Rails/ratebeer/app/models/place.rb": [
        1,
        1,
        1,
        null,
        1,
        0,
        null,
        null
      ],
      "/Volumes/Bhandar/Ruby_On_Rails/ratebeer/app/controllers/places_controller.rb": [
        1,
        1,
        null,
        null,
        1,
        0,
        null,
        null,
        1,
        3,
        0,
        null,
        3,
        3,
        3,
        1,
        null,
        2,
        0,
        0,
        null,
        null,
        null,
        null,
        null
      ],
      "/Volumes/Bhandar/Ruby_On_Rails/ratebeer/lib/apixu_api.rb": [
        1,
        1,
        2,
        2,
        0,
        null,
        null,
        1,
        null,
        null,
        2,
        null,
        null,
        null
      ],
      "/Volumes/Bhandar/Ruby_On_Rails/ratebeer/app/controllers/ratings_controller.rb": [
        1,
        null,
        1,
        1,
        1,
        1,
        1,
        1,
        null,
        null,
        1,
        1,
        1,
        null,
        null,
        1,
        1,
        1,
        null,
        null,
        1,
        1,
        null,
        0,
        0,
        null,
        null,
        null,
        1,
        1,
        1,
        1,
        null,
        null
      ],
      "/Volumes/Bhandar/Ruby_On_Rails/ratebeer/app/channels/application_cable/channel.rb": [
        0,
        0,
        0,
        0
      ],
      "/Volumes/Bhandar/Ruby_On_Rails/ratebeer/app/channels/application_cable/connection.rb": [
        0,
        0,
        0,
        0
      ],
      "/Volumes/Bhandar/Ruby_On_Rails/ratebeer/app/controllers/memberships_controller.rb": [
        0,
        0,
        null,
        null,
        null,
        0,
        0,
        0,
        null,
        null,
        null,
        0,
        0,
        null,
        null,
        0,
        0,
        0,
        0,
        0,
        null,
        null,
        0,
        0,
        null,
        null,
        null,
        0,
        0,
        null,
        0,
        0,
        0,
        0,
        0,
        0,
        0,
        0,
        0,
        0,
        0,
        null,
        null,
        null,
        0,
        0,
        0,
        0,
        0,
        0,
        0,
        0,
        0,
        0,
        0,
        null,
        null,
        null,
        0,
        0,
        0,
        0,
        0,
        0,
        0,
        null,
        0,
        null,
        0,
        0,
        0,
        null,
        null,
        0,
        0,
        0,
        0
      ],
      "/Volumes/Bhandar/Ruby_On_Rails/ratebeer/app/controllers/styles_controller.rb": [
        0,
        0,
        0,
        null,
        0,
        0,
        0,
        null,
        0,
        0,
        null,
        0,
        0,
        0,
        null,
        0,
        null,
        0,
        null,
        0,
        0,
        null,
        0,
        0,
        0,
        0,
        0,
        0,
        0,
        0,
        0,
        0,
        null,
        0,
        0,
        0,
        0,
        0,
        0,
        0,
        0,
        0,
        0,
        0,
        null,
        0,
        0,
        0,
        0,
        0,
        0,
        0,
        null,
        0,
        null,
        0,
        0,
        0,
        null,
        0,
        0,
        0,
        0
      ],
      "/Volumes/Bhandar/Ruby_On_Rails/ratebeer/app/jobs/application_job.rb": [
        0,
        0
      ],
      "/Volumes/Bhandar/Ruby_On_Rails/ratebeer/app/mailers/application_mailer.rb": [
        0,
        0,
        0,
        0
      ]
    },
    "timestamp": 1539515236
  }
}
