{
  "RSpec": {
    "coverage": {
      "/Volumes/Bhandar/Ruby_On_Rails/ratebeer/app/helpers/application_helper.rb": [
        1,
        null
      ],
      "/Volumes/Bhandar/Ruby_On_Rails/ratebeer/app/helpers/beer_clubs_helper.rb": [
        1,
        null
      ],
      "/Volumes/Bhandar/Ruby_On_Rails/ratebeer/app/helpers/beers_helper.rb": [
        1,
        null
      ],
      "/Volumes/Bhandar/Ruby_On_Rails/ratebeer/app/helpers/breweries_helper.rb": [
        1,
        null
      ],
      "/Volumes/Bhandar/Ruby_On_Rails/ratebeer/app/helpers/memberships_helper.rb": [
        1,
        null
      ],
      "/Volumes/Bhandar/Ruby_On_Rails/ratebeer/app/helpers/sessions_helper.rb": [
        1,
        null
      ],
      "/Volumes/Bhandar/Ruby_On_Rails/ratebeer/app/helpers/users_helper.rb": [
        1,
        null
      ],
      "/Volumes/Bhandar/Ruby_On_Rails/ratebeer/app/models/beer_club.rb": [
        1,
        1,
        1,
        null
      ],
      "/Volumes/Bhandar/Ruby_On_Rails/ratebeer/app/models/application_record.rb": [
        1,
        1,
        null
      ],
      "/Volumes/Bhandar/Ruby_On_Rails/ratebeer/app/controllers/beer_clubs_controller.rb": [
        1,
        1,
        1,
        null,
        null,
        null,
        null,
        1,
        0,
        null,
        null,
        null,
        null,
        1,
        0,
        null,
        null,
        null,
        1,
        0,
        null,
        null,
        null,
        1,
        null,
        null,
        null,
        null,
        1,
        0,
        null,
        0,
        0,
        0,
        0,
        null,
        0,
        0,
        null,
        null,
        null,
        null,
        null,
        null,
        1,
        0,
        0,
        0,
        0,
        null,
        0,
        0,
        null,
        null,
        null,
        null,
        null,
        null,
        1,
        0,
        0,
        0,
        0,
        null,
        null,
        null,
        1,
        null,
        1,
        0,
        null,
        null,
        null,
        1,
        0,
        null,
        null
      ],
      "/Volumes/Bhandar/Ruby_On_Rails/ratebeer/app/controllers/application_controller.rb": [
        1,
        null,
        null,
        1,
        null,
        1,
        181,
        157,
        null,
        null,
        1,
        4,
        null,
        null
      ],
      "/Volumes/Bhandar/Ruby_On_Rails/ratebeer/app/models/beer.rb": [
        1,
        1,
        null,
        1,
        1,
        1,
        1,
        null,
        1,
        2,
        null,
        null
      ],
      "/Volumes/Bhandar/Ruby_On_Rails/ratebeer/lib/rating_average.rb": [
        1,
        null,
        1,
        64,
        53,
        53,
        74,
        null,
        53,
        null,
        null,
        null
      ],
      "/Volumes/Bhandar/Ruby_On_Rails/ratebeer/app/models/brewery.rb": [
        1,
        1,
        null,
        1,
        1,
        1,
        1,
        35,
        null,
        null
      ],
      "/Volumes/Bhandar/Ruby_On_Rails/ratebeer/app/models/user.rb": [
        1,
        1,
        null,
        1,
        1,
        null,
        null,
        null,
        null,
        1,
        1,
        1,
        1,
        1,
        1,
        null,
        1,
        0,
        null,
        null,
        1,
        3,
        null,
        null,
        2,
        null,
        null,
        1,
        22,
        34,
        11,
        null,
        11,
        null,
        null,
        1,
        22,
        34,
        11,
        null,
        11,
        null,
        null
      ],
      "/Volumes/Bhandar/Ruby_On_Rails/ratebeer/app/controllers/sessions_controller.rb": [
        1,
        1,
        null,
        null,
        1,
        10,
        10,
        9,
        9,
        null,
        1,
        null,
        null,
        null,
        1,
        0,
        0,
        null,
        null
      ],
      "/Volumes/Bhandar/Ruby_On_Rails/ratebeer/app/controllers/users_controller.rb": [
        1,
        1,
        null,
        null,
        null,
        1,
        0,
        null,
        null,
        null,
        null,
        1,
        16,
        null,
        null,
        null,
        1,
        1,
        null,
        null,
        null,
        1,
        null,
        null,
        null,
        null,
        1,
        1,
        null,
        1,
        1,
        2,
        1,
        null,
        0,
        0,
        null,
        null,
        null,
        null,
        null,
        null,
        1,
        0,
        0,
        0,
        0,
        null,
        0,
        0,
        null,
        null,
        null,
        null,
        null,
        null,
        1,
        0,
        0,
        0,
        0,
        null,
        0,
        null,
        null,
        1,
        null,
        1,
        16,
        null,
        null,
        null,
        1,
        1,
        null,
        null
      ],
      "/Volumes/Bhandar/Ruby_On_Rails/ratebeer/app/models/rating.rb": [
        1,
        1,
        1,
        null,
        1,
        null,
        null,
        null,
        1,
        10,
        null,
        null
      ],
      "/Volumes/Bhandar/Ruby_On_Rails/ratebeer/app/models/membership.rb": [
        1,
        1,
        1,
        null,
        1,
        null
      ],
      "/Volumes/Bhandar/Ruby_On_Rails/ratebeer/app/controllers/beers_controller.rb": [
        1,
        1,
        1,
        1,
        null,
        null,
        null,
        1,
        1,
        null,
        null,
        null,
        null,
        1,
        null,
        null,
        null,
        1,
        2,
        null,
        null,
        null,
        1,
        null,
        null,
        null,
        null,
        1,
        2,
        null,
        2,
        2,
        2,
        1,
        null,
        2,
        1,
        null,
        null,
        null,
        null,
        null,
        null,
        1,
        0,
        0,
        0,
        0,
        null,
        0,
        0,
        null,
        null,
        null,
        null,
        null,
        null,
        1,
        0,
        0,
        0,
        0,
        null,
        null,
        null,
        1,
        null,
        1,
        0,
        null,
        null,
        null,
        1,
        2,
        null,
        null,
        1,
        4,
        4,
        null,
        null
      ],
      "/Volumes/Bhandar/Ruby_On_Rails/ratebeer/app/controllers/breweries_controller.rb": [
        1,
        1,
        1,
        null,
        null,
        null,
        1,
        3,
        null,
        null,
        null,
        null,
        1,
        null,
        null,
        null,
        1,
        0,
        null,
        null,
        null,
        1,
        null,
        null,
        null,
        null,
        1,
        0,
        null,
        0,
        0,
        0,
        0,
        null,
        0,
        0,
        null,
        null,
        null,
        null,
        null,
        null,
        1,
        0,
        0,
        0,
        0,
        null,
        0,
        0,
        null,
        null,
        null,
        null,
        null,
        null,
        1,
        0,
        0,
        0,
        0,
        null,
        null,
        null,
        1,
        null,
        1,
        1,
        null,
        null,
        null,
        1,
        0,
        null,
        null,
        null
      ],
      "/Volumes/Bhandar/Ruby_On_Rails/ratebeer/app/controllers/ratings_controller.rb": [
        1,
        null,
        1,
        1,
        null,
        null,
        1,
        1,
        1,
        null,
        null,
        1,
        1,
        1,
        null,
        null,
        1,
        1,
        null,
        0,
        0,
        null,
        null,
        null,
        1,
        1,
        1,
        1,
        null,
        null
      ],
      "/Volumes/Bhandar/Ruby_On_Rails/ratebeer/app/channels/application_cable/channel.rb": [
        0,
        0,
        0,
        0
      ],
      "/Volumes/Bhandar/Ruby_On_Rails/ratebeer/app/channels/application_cable/connection.rb": [
        0,
        0,
        0,
        0
      ],
      "/Volumes/Bhandar/Ruby_On_Rails/ratebeer/app/controllers/memberships_controller.rb": [
        0,
        0,
        null,
        null,
        null,
        0,
        0,
        0,
        null,
        null,
        null,
        0,
        0,
        null,
        null,
        0,
        0,
        0,
        0,
        0,
        null,
        null,
        0,
        0,
        null,
        null,
        null,
        0,
        0,
        null,
        0,
        0,
        0,
        0,
        0,
        0,
        0,
        0,
        0,
        0,
        0,
        null,
        null,
        null,
        0,
        0,
        0,
        0,
        0,
        0,
        0,
        0,
        0,
        0,
        0,
        null,
        null,
        null,
        0,
        0,
        0,
        0,
        0,
        0,
        0,
        null,
        0,
        null,
        0,
        0,
        0,
        null,
        null,
        0,
        0,
        0,
        0
      ],
      "/Volumes/Bhandar/Ruby_On_Rails/ratebeer/app/jobs/application_job.rb": [
        0,
        0
      ],
      "/Volumes/Bhandar/Ruby_On_Rails/ratebeer/app/mailers/application_mailer.rb": [
        0,
        0,
        0,
        0
      ]
    },
    "timestamp": 1538243073
  }
}
